<?xml version="1.0" encoding="UTF-8"?>
<testng-results ignored="0" total="1" passed="1" failed="0" skipped="0">
  <reporter-output>
  </reporter-output>
  <suite started-at="2023-04-20T03:09:26 IST" name="Default suite" finished-at="2023-04-20T03:09:39 IST" duration-ms="13306">
    <groups>
    </groups>
    <test started-at="2023-04-20T03:09:26 IST" name="Default test" finished-at="2023-04-20T03:09:39 IST" duration-ms="13306">
      <class name="PageObject.PageObjMain">
        <test-method signature="verifyreg()[pri:0, instance:PageObject.PageObjMain@35dab4eb]" started-at="2023-04-20T03:09:26 IST" name="verifyreg" finished-at="2023-04-20T03:09:39 IST" duration-ms="13207" status="PASS">
          <reporter-output>
          </reporter-output>
        </test-method> <!-- verifyreg -->
      </class> <!-- PageObject.PageObjMain -->
    </test> <!-- Default test -->
  </suite> <!-- Default suite -->
</testng-results>
